# JRE version: Java(TM) SE Runtime Environment (8.0_202-b08) (build 1.8.0_202-b08)
# Java VM: Java HotSpot(TM) 64-Bit Server VM (25.202-b08 mixed mode windows-amd64 compressed oops)
Heap:
 PSYoungGen      total 154624K, used 101129K [0x00000000f5580000, 0x00000000fff80000, 0x0000000100000000)
  eden space 135168K, 64% used [0x00000000f5580000,0x00000000faa90760,0x00000000fd980000)
  from space 19456K, 72% used [0x00000000fd980000,0x00000000fe731da0,0x00000000fec80000)
  to   space 19456K, 0% used [0x00000000fec80000,0x00000000fec80000,0x00000000fff80000)
 ParOldGen       total 175104K, used 55855K [0x00000000e0000000, 0x00000000eab00000, 0x00000000f5580000)
  object space 175104K, 31% used [0x00000000e0000000,0x00000000e368beb0,0x00000000eab00000)
 Metaspace       used 69794K, capacity 72792K, committed 72984K, reserved 1112064K
  class space    used 9349K, capacity 9999K, committed 10008K, reserved 1048576K
GC Heap History (10 events):
Event: 37.100 GC heap before
{Heap before GC invocations=12 (full 2):
 PSYoungGen      total 134144K, used 121056K [0x00000000f5580000, 0x0000000100000000, 0x0000000100000000)
  eden space 121344K, 89% used [0x00000000f5580000,0x00000000fbf3cbe0,0x00000000fcc00000)
  from space 12800K, 99% used [0x00000000fcc00000,0x00000000fd87b500,0x00000000fd880000)
  to   space 15360K, 0% used [0x00000000ff100000,0x00000000ff100000,0x0000000100000000)
 ParOldGen       total 175104K, used 20547K [0x00000000e0000000, 0x00000000eab00000, 0x00000000f5580000)
  object space 175104K, 11% used [0x00000000e0000000,0x00000000e1410cc8,0x00000000eab00000)
 Metaspace       used 57550K, capacity 58984K, committed 59160K, reserved 1099776K
  class space    used 7918K, capacity 8384K, committed 8472K, reserved 1048576K
Event: 37.112 GC heap after
Heap after GC invocations=12 (full 2):
 PSYoungGen      total 152064K, used 15328K [0x00000000f5580000, 0x0000000100000000, 0x0000000100000000)
  eden space 136704K, 0% used [0x00000000f5580000,0x00000000f5580000,0x00000000fdb00000)
  from space 15360K, 99% used [0x00000000ff100000,0x00000000ffff8170,0x0000000100000000)
  to   space 18944K, 0% used [0x00000000fdb00000,0x00000000fdb00000,0x00000000fed80000)
 ParOldGen       total 175104K, used 26002K [0x00000000e0000000, 0x00000000eab00000, 0x00000000f5580000)
  object space 175104K, 14% used [0x00000000e0000000,0x00000000e1964980,0x00000000eab00000)
 Metaspace       used 57550K, capacity 58984K, committed 59160K, reserved 1099776K
  class space    used 7918K, capacity 8384K, committed 8472K, reserved 1048576K
}
Event: 37.112 GC heap before
{Heap before GC invocations=13 (full 3):
 PSYoungGen      total 152064K, used 15328K [0x00000000f5580000, 0x0000000100000000, 0x0000000100000000)
  eden space 136704K, 0% used [0x00000000f5580000,0x00000000f5580000,0x00000000fdb00000)
  from space 15360K, 99% used [0x00000000ff100000,0x00000000ffff8170,0x0000000100000000)
  to   space 18944K, 0% used [0x00000000fdb00000,0x00000000fdb00000,0x00000000fed80000)
 ParOldGen       total 175104K, used 26002K [0x00000000e0000000, 0x00000000eab00000, 0x00000000f5580000)
  object space 175104K, 14% used [0x00000000e0000000,0x00000000e1964980,0x00000000eab00000)
 Metaspace       used 57550K, capacity 58984K, committed 59160K, reserved 1099776K
  class space    used 7918K, capacity 8384K, committed 8472K, reserved 1048576K
Event: 37.273 GC heap after
Heap after GC invocations=13 (full 3):
 PSYoungGen      total 152064K, used 0K [0x00000000f5580000, 0x0000000100000000, 0x0000000100000000)
  eden space 136704K, 0% used [0x00000000f5580000,0x00000000f5580000,0x00000000fdb00000)
  from space 15360K, 0% used [0x00000000ff100000,0x00000000ff100000,0x0000000100000000)
  to   space 18944K, 0% used [0x00000000fdb00000,0x00000000fdb00000,0x00000000fed80000)
 ParOldGen       total 175104K, used 35775K [0x00000000e0000000, 0x00000000eab00000, 0x00000000f5580000)
  object space 175104K, 20% used [0x00000000e0000000,0x00000000e22eff40,0x00000000eab00000)
 Metaspace       used 57550K, capacity 58984K, committed 59160K, reserved 1099776K
  class space    used 7918K, capacity 8384K, committed 8472K, reserved 1048576K
}
Event: 42.674 GC heap before
{Heap before GC invocations=14 (full 3):
 PSYoungGen      total 152064K, used 136704K [0x00000000f5580000, 0x0000000100000000, 0x0000000100000000)
  eden space 136704K, 100% used [0x00000000f5580000,0x00000000fdb00000,0x00000000fdb00000)
  from space 15360K, 0% used [0x00000000ff100000,0x00000000ff100000,0x0000000100000000)
  to   space 18944K, 0% used [0x00000000fdb00000,0x00000000fdb00000,0x00000000fed80000)
 ParOldGen       total 175104K, used 35775K [0x00000000e0000000, 0x00000000eab00000, 0x00000000f5580000)
  object space 175104K, 20% used [0x00000000e0000000,0x00000000e22eff40,0x00000000eab00000)
 Metaspace       used 63103K, capacity 65226K, committed 65432K, reserved 1105920K
  class space    used 8712K, capacity 9302K, committed 9368K, reserved 1048576K
Event: 42.685 GC heap after
Heap after GC invocations=14 (full 3):
 PSYoungGen      total 153600K, used 16520K [0x00000000f5580000, 0x0000000100000000, 0x0000000100000000)
  eden space 136704K, 0% used [0x00000000f5580000,0x00000000f5580000,0x00000000fdb00000)
  from space 16896K, 97% used [0x00000000fdb00000,0x00000000feb22330,0x00000000feb80000)
  to   space 19968K, 0% used [0x00000000fec80000,0x00000000fec80000,0x0000000100000000)
 ParOldGen       total 175104K, used 35783K [0x00000000e0000000, 0x00000000eab00000, 0x00000000f5580000)
  object space 175104K, 20% used [0x00000000e0000000,0x00000000e22f1f40,0x00000000eab00000)
 Metaspace       used 63103K, capacity 65226K, committed 65432K, reserved 1105920K
  class space    used 8712K, capacity 9302K, committed 9368K, reserved 1048576K
}
Event: 44.597 GC heap before
{Heap before GC invocations=15 (full 3):
 PSYoungGen      total 153600K, used 153224K [0x00000000f5580000, 0x0000000100000000, 0x0000000100000000)
  eden space 136704K, 100% used [0x00000000f5580000,0x00000000fdb00000,0x00000000fdb00000)
  from space 16896K, 97% used [0x00000000fdb00000,0x00000000feb22330,0x00000000feb80000)
  to   space 19968K, 0% used [0x00000000fec80000,0x00000000fec80000,0x0000000100000000)
 ParOldGen       total 175104K, used 35783K [0x00000000e0000000, 0x00000000eab00000, 0x00000000f5580000)
  object space 175104K, 20% used [0x00000000e0000000,0x00000000e22f1f40,0x00000000eab00000)
 Metaspace       used 65276K, capacity 67944K, committed 68120K, reserved 1107968K
  class space    used 9029K, capacity 9661K, committed 9752K, reserved 1048576K
Event: 44.608 GC heap after
Heap after GC invocations=15 (full 3):
 PSYoungGen      total 155136K, used 11180K [0x00000000f5580000, 0x0000000100000000, 0x0000000100000000)
  eden space 135168K, 0% used [0x00000000f5580000,0x00000000f5580000,0x00000000fd980000)
  from space 19968K, 55% used [0x00000000fec80000,0x00000000ff76b058,0x0000000100000000)
  to   space 19456K, 0% used [0x00000000fd980000,0x00000000fd980000,0x00000000fec80000)
 ParOldGen       total 175104K, used 48647K [0x00000000e0000000, 0x00000000eab00000, 0x00000000f5580000)
  object space 175104K, 27% used [0x00000000e0000000,0x00000000e2f81d80,0x00000000eab00000)
 Metaspace       used 65276K, capacity 67944K, committed 68120K, reserved 1107968K
  class space    used 9029K, capacity 9661K, committed 9752K, reserved 1048576K
}
Event: 89.420 GC heap before
{Heap before GC invocations=16 (full 3):
 PSYoungGen      total 155136K, used 146348K [0x00000000f5580000, 0x0000000100000000, 0x0000000100000000)
  eden space 135168K, 100% used [0x00000000f5580000,0x00000000fd980000,0x00000000fd980000)
  from space 19968K, 55% used [0x00000000fec80000,0x00000000ff76b058,0x0000000100000000)
  to   space 19456K, 0% used [0x00000000fd980000,0x00000000fd980000,0x00000000fec80000)
 ParOldGen       total 175104K, used 48647K [0x00000000e0000000, 0x00000000eab00000, 0x00000000f5580000)
  object space 175104K, 27% used [0x00000000e0000000,0x00000000e2f81d80,0x00000000eab00000)
 Metaspace       used 69403K, capacity 72306K, committed 72472K, reserved 1112064K
  class space    used 9337K, capacity 9982K, committed 10008K, reserved 1048576K
Event: 89.432 GC heap after
Heap after GC invocations=16 (full 3):
 PSYoungGen      total 154624K, used 14023K [0x00000000f5580000, 0x00000000fff80000, 0x0000000100000000)
  eden space 135168K, 0% used [0x00000000f5580000,0x00000000f5580000,0x00000000fd980000)
  from space 19456K, 72% used [0x00000000fd980000,0x00000000fe731da0,0x00000000fec80000)
  to   space 19456K, 0% used [0x00000000fec80000,0x00000000fec80000,0x00000000fff80000)
 ParOldGen       total 175104K, used 55855K [0x00000000e0000000, 0x00000000eab00000, 0x00000000f5580000)
  object space 175104K, 31% used [0x00000000e0000000,0x00000000e368beb0,0x00000000eab00000)
 Metaspace       used 69403K, capacity 72306K, committed 72472K, reserved 1112064K
  class space    used 9337K, capacity 9982K, committed 10008K, reserved 1048576K
}

